Looking in indexes: http://pip.baidu.com/root/baidu/+simple/
Processing ./build/output/opt/paddle/share/wheels/paddlepaddle_gpu-0.0.0-cp27-none-linux_x86_64.whl
Requirement already satisfied, skipping upgrade: protobuf>=3.1.0 in /home/paddle/baiyifan/pyenv/work/lib/python2.7/site-packages (from paddlepaddle-gpu==0.0.0) (3.6.1)
Requirement already satisfied, skipping upgrade: Pillow in /home/paddle/baiyifan/pyenv/work/lib/python2.7/site-packages (from paddlepaddle-gpu==0.0.0) (5.2.0)
Requirement already satisfied, skipping upgrade: prettytable in /home/paddle/baiyifan/pyenv/work/lib/python2.7/site-packages (from paddlepaddle-gpu==0.0.0) (0.7.2)
Requirement already satisfied, skipping upgrade: nltk>=3.2.2 in /home/paddle/baiyifan/pyenv/work/lib/python2.7/site-packages (from paddlepaddle-gpu==0.0.0) (3.3)
Requirement already satisfied, skipping upgrade: matplotlib==2.2.3 in /home/paddle/baiyifan/pyenv/work/lib/python2.7/site-packages (from paddlepaddle-gpu==0.0.0) (2.2.3)
Requirement already satisfied, skipping upgrade: scipy>=0.19.0 in /home/paddle/baiyifan/pyenv/work/lib/python2.7/site-packages (from paddlepaddle-gpu==0.0.0) (1.1.0)
Requirement already satisfied, skipping upgrade: six in /home/paddle/baiyifan/pyenv/work/lib/python2.7/site-packages (from paddlepaddle-gpu==0.0.0) (1.11.0)
Requirement already satisfied, skipping upgrade: decorator in /home/paddle/baiyifan/pyenv/work/lib/python2.7/site-packages (from paddlepaddle-gpu==0.0.0) (4.3.0)
Requirement already satisfied, skipping upgrade: graphviz in /home/paddle/baiyifan/pyenv/work/lib/python2.7/site-packages (from paddlepaddle-gpu==0.0.0) (0.9)
Requirement already satisfied, skipping upgrade: pyyaml in /home/paddle/baiyifan/pyenv/work/lib/python2.7/site-packages (from paddlepaddle-gpu==0.0.0) (3.13)
Requirement already satisfied, skipping upgrade: funcsigs in /home/paddle/baiyifan/pyenv/work/lib/python2.7/site-packages (from paddlepaddle-gpu==0.0.0) (1.0.2)
Requirement already satisfied, skipping upgrade: rarfile in /home/paddle/baiyifan/pyenv/work/lib/python2.7/site-packages (from paddlepaddle-gpu==0.0.0) (3.0)
Requirement already satisfied, skipping upgrade: requests==2.9.2 in /home/paddle/baiyifan/pyenv/work/lib/python2.7/site-packages (from paddlepaddle-gpu==0.0.0) (2.9.2)
Requirement already satisfied, skipping upgrade: recordio>=0.1.0 in /home/paddle/baiyifan/pyenv/work/lib/python2.7/site-packages (from paddlepaddle-gpu==0.0.0) (0.1.5)
Requirement already satisfied, skipping upgrade: numpy>=1.12 in /home/paddle/baiyifan/pyenv/work/lib/python2.7/site-packages (from paddlepaddle-gpu==0.0.0) (1.14.5)
Requirement already satisfied, skipping upgrade: opencv-python in /home/paddle/baiyifan/pyenv/work/lib/python2.7/site-packages (from paddlepaddle-gpu==0.0.0) (3.4.2.17)
Requirement already satisfied, skipping upgrade: setuptools in /home/paddle/baiyifan/pyenv/work/lib/python2.7/site-packages (from protobuf>=3.1.0->paddlepaddle-gpu==0.0.0) (18.2)
Requirement already satisfied, skipping upgrade: backports.functools-lru-cache in /home/paddle/baiyifan/pyenv/work/lib/python2.7/site-packages (from matplotlib==2.2.3->paddlepaddle-gpu==0.0.0) (1.5)
Requirement already satisfied, skipping upgrade: cycler>=0.10 in /home/paddle/baiyifan/pyenv/work/lib/python2.7/site-packages (from matplotlib==2.2.3->paddlepaddle-gpu==0.0.0) (0.10.0)
Requirement already satisfied, skipping upgrade: pyparsing!=2.0.4,!=2.1.2,!=2.1.6,>=2.0.1 in /home/paddle/baiyifan/pyenv/work/lib/python2.7/site-packages (from matplotlib==2.2.3->paddlepaddle-gpu==0.0.0) (2.2.0)
Requirement already satisfied, skipping upgrade: python-dateutil>=2.1 in /home/paddle/baiyifan/pyenv/work/lib/python2.7/site-packages (from matplotlib==2.2.3->paddlepaddle-gpu==0.0.0) (2.7.3)
Requirement already satisfied, skipping upgrade: pytz in /home/paddle/baiyifan/pyenv/work/lib/python2.7/site-packages (from matplotlib==2.2.3->paddlepaddle-gpu==0.0.0) (2018.5)
Requirement already satisfied, skipping upgrade: kiwisolver>=1.0.1 in /home/paddle/baiyifan/pyenv/work/lib/python2.7/site-packages (from matplotlib==2.2.3->paddlepaddle-gpu==0.0.0) (1.0.1)
Requirement already satisfied, skipping upgrade: subprocess32 in /home/paddle/baiyifan/pyenv/work/lib/python2.7/site-packages (from matplotlib==2.2.3->paddlepaddle-gpu==0.0.0) (3.5.2)
Installing collected packages: paddlepaddle-gpu
  Found existing installation: paddlepaddle-gpu 0.0.0
    Uninstalling paddlepaddle-gpu-0.0.0:
      Successfully uninstalled paddlepaddle-gpu-0.0.0
Successfully installed paddlepaddle-gpu-0.0.0
W0427 18:58:58.607661 102002 device_context.cc:261] Please NOTE: device: 0, CUDA Capability: 35, Driver API Version: 9.2, Runtime API Version: 9.0
W0427 18:58:58.612308 102002 device_context.cc:269] device: 0, cuDNN Version: 7.0.
====grad kernel bein====
====output_grad===
0: 0.00520833  1: 0.00520833  2: 0.00520833  3: 0.00520833  4: 0.00520833  5: 0.00520833  6: 0.00520833  7: 0.00520833  8: 0.00520833  9: 0.00520833  10: 0.00520833  11: 0.00520833  12: 0.00520833  13: 0.00520833  14: 0.00520833  15: 0.00520833  16: 0.00520833  17: 0.00520833  18: 0.00520833  19: 0.00520833  20: 0.00520833  21: 0.00520833  22: 0.00520833  23: 0.00520833  24: 0.00520833  25: 0.00520833  26: 0.00520833  27: 0.00520833  28: 0.00520833  29: 0.00520833  30: 0.00520833  31: 0.00520833  32: 0.00520833  33: 0.00520833  34: 0.00520833  35: 0.00520833  36: 0.00520833  37: 0.00520833  38: 0.00520833  39: 0.00520833  40: 0.00520833  41: 0.00520833  42: 0.00520833  43: 0.00520833  44: 0.00520833  45: 0.00520833  46: 0.00520833  47: 0.00520833  48: 0.00520833  49: 0.00520833  50: 0.00520833  51: 0.00520833  52: 0.00520833  53: 0.00520833  54: 0.00520833  55: 0.00520833  56: 0.00520833  57: 0.00520833  58: 0.00520833  59: 0.00520833  60: 0.00520833  61: 0.00520833  62: 0.00520833  63: 0.00520833  64: 0.00520833  65: 0.00520833  66: 0.00520833  67: 0.00520833  68: 0.00520833  69: 0.00520833  70: 0.00520833  71: 0.00520833  72: 0.00520833  73: 0.00520833  74: 0.00520833  75: 0.00520833  76: 0.00520833  77: 0.00520833  78: 0.00520833  79: 0.00520833  80: 0.00520833  81: 0.00520833  82: 0.00520833  83: 0.00520833  84: 0.00520833  85: 0.00520833  86: 0.00520833  87: 0.00520833  88: 0.00520833  89: 0.00520833  90: 0.00520833  91: 0.00520833  92: 0.00520833  93: 0.00520833  94: 0.00520833  95: 0.00520833  96: 0.00520833  97: 0.00520833  98: 0.00520833  99: 0.00520833  100: 0.00520833  101: 0.00520833  102: 0.00520833  103: 0.00520833  104: 0.00520833  105: 0.00520833  106: 0.00520833  107: 0.00520833  108: 0.00520833  109: 0.00520833  110: 0.00520833  111: 0.00520833  112: 0.00520833  113: 0.00520833  114: 0.00520833  115: 0.00520833  116: 0.00520833  117: 0.00520833  118: 0.00520833  119: 0.00520833  120: 0.00520833  121: 0.00520833  122: 0.00520833  123: 0.00520833  124: 0.00520833  125: 0.00520833  126: 0.00520833  127: 0.00520833  128: 0.00520833  129: 0.00520833  130: 0.00520833  131: 0.00520833  132: 0.00520833  133: 0.00520833  134: 0.00520833  135: 0.00520833  136: 0.00520833  137: 0.00520833  138: 0.00520833  139: 0.00520833  140: 0.00520833  141: 0.00520833  142: 0.00520833  143: 0.00520833  144: 0.00520833  145: 0.00520833  146: 0.00520833  147: 0.00520833  148: 0.00520833  149: 0.00520833  150: 0.00520833  151: 0.00520833  152: 0.00520833  153: 0.00520833  154: 0.00520833  155: 0.00520833  156: 0.00520833  157: 0.00520833  158: 0.00520833  159: 0.00520833  160: 0.00520833  161: 0.00520833  162: 0.00520833  163: 0.00520833  164: 0.00520833  165: 0.00520833  166: 0.00520833  167: 0.00520833  168: 0.00520833  169: 0.00520833  170: 0.00520833  171: 0.00520833  172: 0.00520833  173: 0.00520833  174: 0.00520833  175: 0.00520833  176: 0.00520833  177: 0.00520833  178: 0.00520833  179: 0.00520833  180: 0.00520833  181: 0.00520833  182: 0.00520833  183: 0.00520833  184: 0.00520833  185: 0.00520833  186: 0.00520833  187: 0.00520833  188: 0.00520833  189: 0.00520833  190: 0.00520833  191: 0.00520833  
====output_buffer===
0: 0.00520833  1: 0.00520833  2: 0.00520833  3: 0.00520833  4: 0.00520833  5: 0.00520833  6: 0.00520833  7: 0.00520833  8: 0.00520833  9: 0.00520833  10: 0.00520833  11: 0.00520833  12: 0.00520833  13: 0.00520833  14: 0.00520833  15: 0.00520833  16: 0.00520833  17: 0.00520833  18: 0.00520833  19: 0.00520833  20: 0.00520833  21: 0.00520833  22: 0.00520833  23: 0.00520833  24: 0.00520833  25: 0.00520833  26: 0.00520833  27: 0.00520833  28: 0.00520833  29: 0.00520833  30: 0.00520833  31: 0.00520833  32: 0.00520833  33: 0.00520833  34: 0.00520833  35: 0.00520833  36: 0.00520833  37: 0.00520833  38: 0.00520833  39: 0.00520833  40: 0.00520833  41: 0.00520833  42: 0.00520833  43: 0.00520833  44: 0.00520833  45: 0.00520833  46: 0.00520833  47: 0.00520833  48: 0.00520833  49: 0.00520833  50: 0.00520833  51: 0.00520833  52: 0.00520833  53: 0.00520833  54: 0.00520833  55: 0.00520833  56: 0.00520833  57: 0.00520833  58: 0.00520833  59: 0.00520833  60: 0.00520833  61: 0.00520833  62: 0.00520833  63: 0.00520833  64: 0.00520833  65: 0.00520833  66: 0.00520833  67: 0.00520833  68: 0.00520833  69: 0.00520833  70: 0.00520833  71: 0.00520833  72: 0.00520833  73: 0.00520833  74: 0.00520833  75: 0.00520833  76: 0.00520833  77: 0.00520833  78: 0.00520833  79: 0.00520833  80: 0.00520833  81: 0.00520833  82: 0.00520833  83: 0.00520833  84: 0.00520833  85: 0.00520833  86: 0.00520833  87: 0.00520833  88: 0.00520833  89: 0.00520833  90: 0.00520833  91: 0.00520833  92: 0.00520833  93: 0.00520833  94: 0.00520833  95: 0.00520833  96: 0.00520833  97: 0.00520833  98: 0.00520833  99: 0.00520833  100: 0.00520833  101: 0.00520833  102: 0.00520833  103: 0.00520833  104: 0.00520833  105: 0.00520833  106: 0.00520833  107: 0.00520833  108: 0.00520833  109: 0.00520833  110: 0.00520833  111: 0.00520833  112: 0.00520833  113: 0.00520833  114: 0.00520833  115: 0.00520833  116: 0.00520833  117: 0.00520833  118: 0.00520833  119: 0.00520833  120: 0.00520833  121: 0.00520833  122: 0.00520833  123: 0.00520833  124: 0.00520833  125: 0.00520833  126: 0.00520833  127: 0.00520833  128: 0.00520833  129: 0.00520833  130: 0.00520833  131: 0.00520833  132: 0.00520833  133: 0.00520833  134: 0.00520833  135: 0.00520833  136: 0.00520833  137: 0.00520833  138: 0.00520833  139: 0.00520833  140: 0.00520833  141: 0.00520833  142: 0.00520833  143: 0.00520833  144: 0.00520833  145: 0.00520833  146: 0.00520833  147: 0.00520833  148: 0.00520833  149: 0.00520833  150: 0.00520833  151: 0.00520833  152: 0.00520833  153: 0.00520833  154: 0.00520833  155: 0.00520833  156: 0.00520833  157: 0.00520833  158: 0.00520833  159: 0.00520833  160: 0.00520833  161: 0.00520833  162: 0.00520833  163: 0.00520833  164: 0.00520833  165: 0.00520833  166: 0.00520833  167: 0.00520833  168: 0.00520833  169: 0.00520833  170: 0.00520833  171: 0.00520833  172: 0.00520833  173: 0.00520833  174: 0.00520833  175: 0.00520833  176: 0.00520833  177: 0.00520833  178: 0.00520833  179: 0.00520833  180: 0.00520833  181: 0.00520833  182: 0.00520833  183: 0.00520833  184: 0.00520833  185: 0.00520833  186: 0.00520833  187: 0.00520833  188: 0.00520833  189: 0.00520833  190: 0.00520833  191: 0.00520833  
====origin output buffer alloc done====
====ddim done====
====weight_3d done====
E.
======================================================================
ERROR: test_check_grad (__main__.TestModulatedDeformableConvOp)
----------------------------------------------------------------------
Traceback (most recent call last):
  File "build/python/paddle/fluid/tests/unittests/test_modulated_deformable_conv_op.py", line 161, in test_check_grad
    max_relative_error=0.02)
  File "/home/paddle/baiyifan/Paddle/build/python/paddle/fluid/tests/unittests/op_test.py", line 590, in check_grad_with_place
    output_names, no_grad_set)
  File "/home/paddle/baiyifan/Paddle/build/python/paddle/fluid/tests/unittests/op_test.py", line 668, in _get_gradient
    executor.run(prog, feed_dict, fetch_list, return_numpy=False)))
  File "/home/paddle/baiyifan/pyenv/work/lib/python2.7/site-packages/paddle/fluid/executor.py", line 565, in run
    use_program_cache=use_program_cache)
  File "/home/paddle/baiyifan/pyenv/work/lib/python2.7/site-packages/paddle/fluid/executor.py", line 642, in _run
    exe.run(program.desc, scope, 0, True, True, fetch_var_name)
EnforceNotMet: Invoke operator modulated_deformable_conv_grad error.
Python Callstacks: 
  File "/home/paddle/baiyifan/pyenv/work/lib/python2.7/site-packages/paddle/fluid/framework.py", line 1654, in append_op
    attrs=kwargs.get("attrs", None))
  File "/home/paddle/baiyifan/Paddle/build/python/paddle/fluid/tests/unittests/op_test.py", line 234, in _append_ops
    attrs=self.attrs if hasattr(self, "attrs") else dict())
  File "/home/paddle/baiyifan/Paddle/build/python/paddle/fluid/tests/unittests/op_test.py", line 649, in _get_gradient
    self._append_ops(block)
  File "/home/paddle/baiyifan/Paddle/build/python/paddle/fluid/tests/unittests/op_test.py", line 590, in check_grad_with_place
    output_names, no_grad_set)
  File "build/python/paddle/fluid/tests/unittests/test_modulated_deformable_conv_op.py", line 161, in test_check_grad
    max_relative_error=0.02)
  File "/home/paddle/.jumbo/lib/python2.7/unittest/case.py", line 327, in run
    testMethod()
  File "/home/paddle/.jumbo/lib/python2.7/unittest/case.py", line 391, in __call__
    return self.run(*args, **kwds)
  File "/home/paddle/.jumbo/lib/python2.7/unittest/suite.py", line 108, in run
    test(result)
  File "/home/paddle/.jumbo/lib/python2.7/unittest/suite.py", line 70, in __call__
    return self.run(*args, **kwds)
  File "/home/paddle/.jumbo/lib/python2.7/unittest/suite.py", line 108, in run
    test(result)
  File "/home/paddle/.jumbo/lib/python2.7/unittest/suite.py", line 70, in __call__
    return self.run(*args, **kwds)
  File "/home/paddle/.jumbo/lib/python2.7/unittest/runner.py", line 151, in run
    test(result)
  File "/home/paddle/.jumbo/lib/python2.7/unittest/main.py", line 229, in runTests
    self.result = testRunner.run(self.test)
  File "/home/paddle/.jumbo/lib/python2.7/unittest/main.py", line 95, in __init__
    self.runTests()
  File "build/python/paddle/fluid/tests/unittests/test_modulated_deformable_conv_op.py", line 255, in <module>
    unittest.main()
C++ Callstacks: 
Enforce failed. Expected numel() * SizeOfType(type()) <= memory_size(), but received numel() * SizeOfType(type()):3456 > memory_size():768.
Tensor's dims_ is out of bound. Call Tensor::mutable_data first to re-allocate memory.
or maybe the required data-type mismatches the data already stored. at [/home/paddle/baiyifan/Paddle/paddle/fluid/framework/tensor.cc:28]
PaddlePaddle Call Stacks: 
0       0x7f8b60ab7958p void paddle::platform::EnforceNotMet::Init<std::string>(std::string, char const*, int) + 360
1       0x7f8b60ab7ca7p paddle::platform::EnforceNotMet::EnforceNotMet(std::string const&, char const*, int) + 87
2       0x7f8b62569ef8p paddle::framework::Tensor::check_memory_size() const + 392
3       0x7f8b60abefc9p float* paddle::framework::Tensor::data<float>() + 25
4       0x7f8b60cd1edep paddle::operators::ModulatedDeformableConvGradCUDAKernel<paddle::platform::CUDADeviceContext, float>::Compute(paddle::framework::ExecutionContext const&) const + 4142
5       0x7f8b60cd4793p std::_Function_handler<void (paddle::framework::ExecutionContext const&), paddle::framework::OpKernelRegistrarFunctor<paddle::platform::CUDAPlace, false, 0ul, paddle::operators::ModulatedDeformableConvGradCUDAKernel<paddle::platform::CUDADeviceContext, float> >::operator()(char const*, char const*, int) const::{lambda(paddle::framework::ExecutionContext const&)#1}>::_M_invoke(std::_Any_data const&, paddle::framework::ExecutionContext const&) + 35
6       0x7f8b62516ac0p paddle::framework::OperatorWithKernel::RunImpl(paddle::framework::Scope const&, boost::variant<paddle::platform::CUDAPlace, paddle::platform::CPUPlace, paddle::platform::CUDAPinnedPlace, boost::detail::variant::void_, boost::detail::variant::void_, boost::detail::variant::void_, boost::detail::variant::void_, boost::detail::variant::void_, boost::detail::variant::void_, boost::detail::variant::void_, boost::detail::variant::void_, boost::detail::variant::void_, boost::detail::variant::void_, boost::detail::variant::void_, boost::detail::variant::void_, boost::detail::variant::void_, boost::detail::variant::void_, boost::detail::variant::void_, boost::detail::variant::void_, boost::detail::variant::void_> const&, paddle::framework::RuntimeContext*) const + 368
7       0x7f8b62516ea1p paddle::framework::OperatorWithKernel::RunImpl(paddle::framework::Scope const&, boost::variant<paddle::platform::CUDAPlace, paddle::platform::CPUPlace, paddle::platform::CUDAPinnedPlace, boost::detail::variant::void_, boost::detail::variant::void_, boost::detail::variant::void_, boost::detail::variant::void_, boost::detail::variant::void_, boost::detail::variant::void_, boost::detail::variant::void_, boost::detail::variant::void_, boost::detail::variant::void_, boost::detail::variant::void_, boost::detail::variant::void_, boost::detail::variant::void_, boost::detail::variant::void_, boost::detail::variant::void_, boost::detail::variant::void_, boost::detail::variant::void_, boost::detail::variant::void_> const&) const + 545
8       0x7f8b625146bcp paddle::framework::OperatorBase::Run(paddle::framework::Scope const&, boost::variant<paddle::platform::CUDAPlace, paddle::platform::CPUPlace, paddle::platform::CUDAPinnedPlace, boost::detail::variant::void_, boost::detail::variant::void_, boost::detail::variant::void_, boost::detail::variant::void_, boost::detail::variant::void_, boost::detail::variant::void_, boost::detail::variant::void_, boost::detail::variant::void_, boost::detail::variant::void_, boost::detail::variant::void_, boost::detail::variant::void_, boost::detail::variant::void_, boost::detail::variant::void_, boost::detail::variant::void_, boost::detail::variant::void_, boost::detail::variant::void_, boost::detail::variant::void_> const&) + 332
9       0x7f8b60c3425ep paddle::framework::Executor::RunPreparedContext(paddle::framework::ExecutorPrepareContext*, paddle::framework::Scope*, bool, bool, bool) + 382
10      0x7f8b60c34d4fp paddle::framework::Executor::Run(paddle::framework::ProgramDesc const&, paddle::framework::Scope*, int, bool, bool, std::vector<std::string, std::allocator<std::string> > const&, bool) + 143
11      0x7f8b60aa6e3ep
12      0x7f8b60aeb384p
13      0x7f8b9a238414p PyEval_EvalFrameEx + 25956
14      0x7f8b9a239160p PyEval_EvalCodeEx + 2240
15      0x7f8b9a2374d1p PyEval_EvalFrameEx + 22049
16      0x7f8b9a239160p PyEval_EvalCodeEx + 2240
17      0x7f8b9a2374d1p PyEval_EvalFrameEx + 22049
18      0x7f8b9a239160p PyEval_EvalCodeEx + 2240
19      0x7f8b9a2374d1p PyEval_EvalFrameEx + 22049
20      0x7f8b9a239160p PyEval_EvalCodeEx + 2240
21      0x7f8b9a2374d1p PyEval_EvalFrameEx + 22049
22      0x7f8b9a239160p PyEval_EvalCodeEx + 2240
23      0x7f8b9a2374d1p PyEval_EvalFrameEx + 22049
24      0x7f8b9a239160p PyEval_EvalCodeEx + 2240
25      0x7f8b9a1c52adp
26      0x7f8b9a19d123p PyObject_Call + 83
27      0x7f8b9a235e17p PyEval_EvalFrameEx + 16231
28      0x7f8b9a239160p PyEval_EvalCodeEx + 2240
29      0x7f8b9a1c51b1p
30      0x7f8b9a19d123p PyObject_Call + 83
31      0x7f8b9a1affafp
32      0x7f8b9a19d123p PyObject_Call + 83
33      0x7f8b9a1f3c04p
34      0x7f8b9a19d123p PyObject_Call + 83
35      0x7f8b9a2368b7p PyEval_EvalFrameEx + 18951
36      0x7f8b9a239160p PyEval_EvalCodeEx + 2240
37      0x7f8b9a1c52adp
38      0x7f8b9a19d123p PyObject_Call + 83
39      0x7f8b9a235e17p PyEval_EvalFrameEx + 16231
40      0x7f8b9a239160p PyEval_EvalCodeEx + 2240
41      0x7f8b9a1c51b1p
42      0x7f8b9a19d123p PyObject_Call + 83
43      0x7f8b9a1affafp
44      0x7f8b9a19d123p PyObject_Call + 83
45      0x7f8b9a1f3c04p
46      0x7f8b9a19d123p PyObject_Call + 83
47      0x7f8b9a2368b7p PyEval_EvalFrameEx + 18951
48      0x7f8b9a239160p PyEval_EvalCodeEx + 2240
49      0x7f8b9a1c52adp
50      0x7f8b9a19d123p PyObject_Call + 83
51      0x7f8b9a235e17p PyEval_EvalFrameEx + 16231
52      0x7f8b9a239160p PyEval_EvalCodeEx + 2240
53      0x7f8b9a1c51b1p
54      0x7f8b9a19d123p PyObject_Call + 83
55      0x7f8b9a1affafp
56      0x7f8b9a19d123p PyObject_Call + 83
57      0x7f8b9a1f3c04p
58      0x7f8b9a19d123p PyObject_Call + 83
59      0x7f8b9a2368b7p PyEval_EvalFrameEx + 18951
60      0x7f8b9a237c86p PyEval_EvalFrameEx + 24022
61      0x7f8b9a237c86p PyEval_EvalFrameEx + 24022
62      0x7f8b9a239160p PyEval_EvalCodeEx + 2240
63      0x7f8b9a1c51b1p
64      0x7f8b9a19d123p PyObject_Call + 83
65      0x7f8b9a1affafp
66      0x7f8b9a19d123p PyObject_Call + 83
67      0x7f8b9a1f383ep
68      0x7f8b9a1f24a8p
69      0x7f8b9a19d123p PyObject_Call + 83
70      0x7f8b9a2368b7p PyEval_EvalFrameEx + 18951
71      0x7f8b9a239160p PyEval_EvalCodeEx + 2240
72      0x7f8b9a239272p PyEval_EvalCode + 50
73      0x7f8b9a25365cp
74      0x7f8b9a253730p PyRun_FileExFlags + 144
75      0x7f8b9a254c3cp PyRun_SimpleFileExFlags + 220
76      0x7f8b9a2664fcp Py_Main + 3164
77        0x38bfc21b45p __libc_start_main + 245
78            0x400699p


----------------------------------------------------------------------
Ran 2 tests in 5.996s

FAILED (errors=1)
